INFO:werkzeug:[31m[1mWARNING: This is a development server. Do not use it in a production deployment. Use a production WSGI server instead.[0m
 * Running on http://127.0.0.1:5000
INFO:werkzeug:[33mPress CTRL+C to quit[0m
INFO:werkzeug:127.0.0.1 - - [13/Apr/2025 21:33:55] "[31m[1mPOST /post HTTP/1.1[0m" 400 -
INFO:werkzeug:[31m[1mWARNING: This is a development server. Do not use it in a production deployment. Use a production WSGI server instead.[0m
 * Running on http://127.0.0.1:5000
INFO:werkzeug:[33mPress CTRL+C to quit[0m
INFO:werkzeug:127.0.0.1 - - [13/Apr/2025 21:34:27] "[31m[1mPOST /post HTTP/1.1[0m" 400 -
INFO:werkzeug:[31m[1mWARNING: This is a development server. Do not use it in a production deployment. Use a production WSGI server instead.[0m
 * Running on http://127.0.0.1:5000
INFO:werkzeug:[33mPress CTRL+C to quit[0m
INFO:werkzeug:127.0.0.1 - - [13/Apr/2025 21:34:37] "[31m[1mPOST /post HTTP/1.1[0m" 400 -
INFO:werkzeug:[31m[1mWARNING: This is a development server. Do not use it in a production deployment. Use a production WSGI server instead.[0m
 * Running on http://127.0.0.1:5000
INFO:werkzeug:[33mPress CTRL+C to quit[0m
INFO:werkzeug:127.0.0.1 - - [13/Apr/2025 21:34:54] "[31m[1mPOST /post HTTP/1.1[0m" 400 -
INFO:werkzeug:[31m[1mWARNING: This is a development server. Do not use it in a production deployment. Use a production WSGI server instead.[0m
 * Running on http://127.0.0.1:5000
INFO:werkzeug:[33mPress CTRL+C to quit[0m
INFO:root:Request: {'request': {'command': 'закажи пиццу на улицу льва толстого, 16 на завтра', 'original_utterance': 'закажи пиццу на улицу льва толстого, 16 на завтра'}, 'session': {'new': True, 'message_id': 4, 'session_id': '2eac4854-fce721f3-b845abba-20d60', 'skill_id': '3ad36498-f5rd-4079-a14b-788652932056', 'user_id': 'AC9WC3DF6FCE052E45A4566A48E6B7193774B84814CE49A922E163B8B29881DC'}, 'version': '1.0'}
INFO:root:Response: {'session': {'new': True, 'message_id': 4, 'session_id': '2eac4854-fce721f3-b845abba-20d60', 'skill_id': '3ad36498-f5rd-4079-a14b-788652932056', 'user_id': 'AC9WC3DF6FCE052E45A4566A48E6B7193774B84814CE49A922E163B8B29881DC'}, 'version': '1.0', 'response': {'end_session': False, 'text': 'Привет! Купи слона!', 'buttons': [{'title': 'Не хочу.', 'hide': True}, {'title': 'Не буду', 'hide': True}]}}
INFO:werkzeug:127.0.0.1 - - [13/Apr/2025 21:38:13] "POST /post HTTP/1.1" 200 -
INFO:werkzeug:[31m[1mWARNING: This is a development server. Do not use it in a production deployment. Use a production WSGI server instead.[0m
 * Running on http://127.0.0.1:5000
INFO:werkzeug:[33mPress CTRL+C to quit[0m
INFO:root:Request: {'request': {'command': 'закажи пиццу на улицу льва толстого, 16 на завтра', 'original_utterance': 'закажи пиццу на улицу льва толстого, 16 на завтра'}, 'session': {'new': True, 'message_id': 4, 'session_id': '2eac4854-fce721f3-b845abba-20d60', 'skill_id': '3ad36498-f5rd-4079-a14b-788652932056', 'user_id': 'AC9WC3DF6FCE052E45A4566A48E6B7193774B84814CE49A922E163B8B29881DC'}, 'version': '1.0'}
INFO:root:Response: {'session': {'new': True, 'message_id': 4, 'session_id': '2eac4854-fce721f3-b845abba-20d60', 'skill_id': '3ad36498-f5rd-4079-a14b-788652932056', 'user_id': 'AC9WC3DF6FCE052E45A4566A48E6B7193774B84814CE49A922E163B8B29881DC'}, 'version': '1.0', 'response': {'end_session': False, 'text': 'Привет! Купи слона!', 'buttons': [{'title': 'Не хочу.', 'hide': True}, {'title': 'Не буду', 'hide': True}]}}
INFO:werkzeug:127.0.0.1 - - [13/Apr/2025 21:38:47] "POST /post HTTP/1.1" 200 -
INFO:root:Request: {'request': {'command': 'закажи пиццу на улицу льва толстого, 16 на завтра', 'original_utterance': 'закажи пиццу на улицу льва толстого, 16 на завтра'}, 'session': {'new': False, 'message_id': 4, 'session_id': '2eac4854-fce721f3-b845abba-20d60', 'skill_id': '3ad36498-f5rd-4079-a14b-788652932056', 'user_id': 'AC9WC3DF6FCE052E45A4566A48E6B7193774B84814CE49A922E163B8B29881DC'}, 'version': '1.0'}
INFO:root:Response: {'session': {'new': False, 'message_id': 4, 'session_id': '2eac4854-fce721f3-b845abba-20d60', 'skill_id': '3ad36498-f5rd-4079-a14b-788652932056', 'user_id': 'AC9WC3DF6FCE052E45A4566A48E6B7193774B84814CE49A922E163B8B29881DC'}, 'version': '1.0', 'response': {'end_session': False, 'text': "Все говорят 'закажи пиццу на улицу льва толстого, 16 на завтра', а ты купи слона!", 'buttons': [{'title': 'Не буду', 'hide': True}, {'title': 'Отстань', 'hide': True}]}}
INFO:werkzeug:127.0.0.1 - - [13/Apr/2025 21:39:27] "POST /post HTTP/1.1" 200 -
INFO:root:Request: {'request': {'command': 'закажи пиццу на улицу льва толстого, 16 на завтра', 'original_utterance': 'закажи пиццу на улицу льва толстого, 16 на завтра'}, 'session': {'new': False, 'message_id': 4, 'session_id': '2eac4854-fce721f3-b845abba-20d60', 'skill_id': '3ad36498-f5rd-4079-a14b-788652932056', 'user_id': 'AC9WC3DF6FCE052E45A4566A48E6B7193774B84814CE49A922E163B8B29881DC'}, 'version': '1.0'}
INFO:root:Response: {'session': {'new': False, 'message_id': 4, 'session_id': '2eac4854-fce721f3-b845abba-20d60', 'skill_id': '3ad36498-f5rd-4079-a14b-788652932056', 'user_id': 'AC9WC3DF6FCE052E45A4566A48E6B7193774B84814CE49A922E163B8B29881DC'}, 'version': '1.0', 'response': {'end_session': False, 'text': "Все говорят 'закажи пиццу на улицу льва толстого, 16 на завтра', а ты купи слона!", 'buttons': [{'title': 'Отстань', 'hide': True}, {'title': 'Ладно', 'url': 'https://market.yandex.ru/search?text=слон', 'hide': True}]}}
INFO:werkzeug:127.0.0.1 - - [13/Apr/2025 21:39:35] "POST /post HTTP/1.1" 200 -
INFO:root:Request: {'request': {'command': 'закажи пиццу на улицу льва толстого, 16 на завтра', 'original_utterance': 'закажи пиццу на улицу льва толстого, 16 на завтра'}, 'session': {'new': False, 'message_id': 4, 'session_id': '2eac4854-fce721f3-b845abba-20d60', 'skill_id': '3ad36498-f5rd-4079-a14b-788652932056', 'user_id': 'AC9WC3DF6FCE052E45A4566A48E6B7193774B84814CE49A922E163B8B29881DC'}, 'version': '1.0'}
INFO:root:Response: {'session': {'new': False, 'message_id': 4, 'session_id': '2eac4854-fce721f3-b845abba-20d60', 'skill_id': '3ad36498-f5rd-4079-a14b-788652932056', 'user_id': 'AC9WC3DF6FCE052E45A4566A48E6B7193774B84814CE49A922E163B8B29881DC'}, 'version': '1.0', 'response': {'end_session': False, 'text': "Все говорят 'закажи пиццу на улицу льва толстого, 16 на завтра', а ты купи слона!", 'buttons': [{'title': 'Ладно', 'url': 'https://market.yandex.ru/search?text=слон', 'hide': True}]}}
INFO:werkzeug:127.0.0.1 - - [13/Apr/2025 21:39:38] "POST /post HTTP/1.1" 200 -
INFO:root:Request: {'request': {'command': 'закажи пиццу на улицу льва толстого, 16 на завтра', 'original_utterance': 'закажи пиццу на улицу льва толстого, 16 на завтра'}, 'session': {'new': False, 'message_id': 4, 'session_id': '2eac4854-fce721f3-b845abba-20d60', 'skill_id': '3ad36498-f5rd-4079-a14b-788652932056', 'user_id': 'AC9WC3DF6FCE052E45A4566A48E6B7193774B84814CE49A922E163B8B29881DC'}, 'version': '1.0'}
INFO:root:Response: {'session': {'new': False, 'message_id': 4, 'session_id': '2eac4854-fce721f3-b845abba-20d60', 'skill_id': '3ad36498-f5rd-4079-a14b-788652932056', 'user_id': 'AC9WC3DF6FCE052E45A4566A48E6B7193774B84814CE49A922E163B8B29881DC'}, 'version': '1.0', 'response': {'end_session': False, 'text': "Все говорят 'закажи пиццу на улицу льва толстого, 16 на завтра', а ты купи слона!", 'buttons': [{'title': 'Ладно', 'url': 'https://market.yandex.ru/search?text=слон', 'hide': True}]}}
INFO:werkzeug:127.0.0.1 - - [13/Apr/2025 21:39:40] "POST /post HTTP/1.1" 200 -
INFO:werkzeug:[31m[1mWARNING: This is a development server. Do not use it in a production deployment. Use a production WSGI server instead.[0m
 * Running on http://127.0.0.1:5000
INFO:werkzeug:[33mPress CTRL+C to quit[0m
INFO:root:Request: {'response': {'text': 'Здравствуйте! Это мы, хороводоведы.', 'tts': 'Здравствуйте! Это мы, хоров+одо в+еды.', 'buttons': [{'title': 'Надпись на кнопке', 'payload': {}, 'url': 'https://example.com/', 'hide': True}], 'end_session': False}, 'session': {'session_id': '2eac4854-fce721f3-b845abba-20d60', 'message_id': 4, 'user_id': 'AC9WC3DF6FCE052E45A4566A48E6B7193774B84814CE49A922E163B8B29881DC'}, 'version': '1.0'}
ERROR:server:Exception on /post [POST]
Traceback (most recent call last):
  File "E:\my_code\code\yandex\2\Alisa\venv\Lib\site-packages\flask\app.py", line 1511, in wsgi_app
    response = self.full_dispatch_request()
               ^^^^^^^^^^^^^^^^^^^^^^^^^^^^
  File "E:\my_code\code\yandex\2\Alisa\venv\Lib\site-packages\flask\app.py", line 919, in full_dispatch_request
    rv = self.handle_user_exception(e)
         ^^^^^^^^^^^^^^^^^^^^^^^^^^^^^
  File "E:\my_code\code\yandex\2\Alisa\venv\Lib\site-packages\flask\app.py", line 917, in full_dispatch_request
    rv = self.dispatch_request()
         ^^^^^^^^^^^^^^^^^^^^^^^
  File "E:\my_code\code\yandex\2\Alisa\venv\Lib\site-packages\flask\app.py", line 902, in dispatch_request
    return self.ensure_sync(self.view_functions[rule.endpoint])(**view_args)  # type: ignore[no-any-return]
           ^^^^^^^^^^^^^^^^^^^^^^^^^^^^^^^^^^^^^^^^^^^^^^^^^^^^^^^^^^^^^^^^^
  File "e:\my_code\code\yandex\2\Alisa\server.py", line 24, in main
    handle_dialog(request.json, response)
  File "e:\my_code\code\yandex\2\Alisa\server.py", line 34, in handle_dialog
    if req['session']['new']:
       ~~~~~~~~~~~~~~^^^^^^^
KeyError: 'new'
INFO:werkzeug:127.0.0.1 - - [20/Apr/2025 16:10:04] "[35m[1mPOST /post HTTP/1.1[0m" 500 -
INFO:root:Request: {'response': {'text': 'Здравствуйте! Это мы, хороводоведы.', 'tts': 'Здравствуйте! Это мы, хоров+одо в+еды.', 'buttons': [{'title': 'Надпись на кнопке', 'payload': {}, 'url': 'https://example.com/', 'hide': True}], 'end_session': False}, 'session': {'session_id': '2eac4854-fce721f3-b845abba-20d60', 'message_id': 4, 'user_id': 'AC9WC3DF6FCE052E45A4566A48E6B7193774B84814CE49A922E163B8B29881DC'}, 'version': '1.0'}
ERROR:server:Exception on /post [POST]
Traceback (most recent call last):
  File "E:\my_code\code\yandex\2\Alisa\venv\Lib\site-packages\flask\app.py", line 1511, in wsgi_app
    response = self.full_dispatch_request()
               ^^^^^^^^^^^^^^^^^^^^^^^^^^^^
  File "E:\my_code\code\yandex\2\Alisa\venv\Lib\site-packages\flask\app.py", line 919, in full_dispatch_request
    rv = self.handle_user_exception(e)
         ^^^^^^^^^^^^^^^^^^^^^^^^^^^^^
  File "E:\my_code\code\yandex\2\Alisa\venv\Lib\site-packages\flask\app.py", line 917, in full_dispatch_request
    rv = self.dispatch_request()
         ^^^^^^^^^^^^^^^^^^^^^^^
  File "E:\my_code\code\yandex\2\Alisa\venv\Lib\site-packages\flask\app.py", line 902, in dispatch_request
    return self.ensure_sync(self.view_functions[rule.endpoint])(**view_args)  # type: ignore[no-any-return]
           ^^^^^^^^^^^^^^^^^^^^^^^^^^^^^^^^^^^^^^^^^^^^^^^^^^^^^^^^^^^^^^^^^
  File "e:\my_code\code\yandex\2\Alisa\server.py", line 24, in main
    handle_dialog(request.json, response)
  File "e:\my_code\code\yandex\2\Alisa\server.py", line 34, in handle_dialog
    if req['session']['new']:
       ~~~~~~~~~~~~~~^^^^^^^
KeyError: 'new'
INFO:werkzeug:127.0.0.1 - - [20/Apr/2025 16:12:13] "[35m[1mPOST /post HTTP/1.1[0m" 500 -
INFO:werkzeug:127.0.0.1 - - [20/Apr/2025 16:12:36] "[33mPOST /postd HTTP/1.1[0m" 404 -
INFO:root:Request: {'response': {'text': 'Здравствуйте! Это мы, хороводоведы.', 'tts': 'Здравствуйте! Это мы, хоров+одо в+еды.', 'buttons': [{'title': 'Надпись на кнопке', 'payload': {}, 'url': 'https://example.com/', 'hide': True}], 'end_session': False}, 'session': {'session_id': '2eac4854-fce721f3-b845abba-20d60', 'message_id': 4, 'user_id': 'AC9WC3DF6FCE052E45A4566A48E6B7193774B84814CE49A922E163B8B29881DC'}, 'version': '1.0'}
ERROR:server:Exception on /post [POST]
Traceback (most recent call last):
  File "E:\my_code\code\yandex\2\Alisa\venv\Lib\site-packages\flask\app.py", line 1511, in wsgi_app
    response = self.full_dispatch_request()
               ^^^^^^^^^^^^^^^^^^^^^^^^^^^^
  File "E:\my_code\code\yandex\2\Alisa\venv\Lib\site-packages\flask\app.py", line 919, in full_dispatch_request
    rv = self.handle_user_exception(e)
         ^^^^^^^^^^^^^^^^^^^^^^^^^^^^^
  File "E:\my_code\code\yandex\2\Alisa\venv\Lib\site-packages\flask\app.py", line 917, in full_dispatch_request
    rv = self.dispatch_request()
         ^^^^^^^^^^^^^^^^^^^^^^^
  File "E:\my_code\code\yandex\2\Alisa\venv\Lib\site-packages\flask\app.py", line 902, in dispatch_request
    return self.ensure_sync(self.view_functions[rule.endpoint])(**view_args)  # type: ignore[no-any-return]
           ^^^^^^^^^^^^^^^^^^^^^^^^^^^^^^^^^^^^^^^^^^^^^^^^^^^^^^^^^^^^^^^^^
  File "e:\my_code\code\yandex\2\Alisa\server.py", line 24, in main
    handle_dialog(request.json, response)
  File "e:\my_code\code\yandex\2\Alisa\server.py", line 34, in handle_dialog
    if req['session']['new']:
       ~~~~~~~~~~~~~~^^^^^^^
KeyError: 'new'
INFO:werkzeug:127.0.0.1 - - [20/Apr/2025 16:12:39] "[35m[1mPOST /post HTTP/1.1[0m" 500 -
INFO:werkzeug:[31m[1mWARNING: This is a development server. Do not use it in a production deployment. Use a production WSGI server instead.[0m
 * Running on http://127.0.0.1:5000
INFO:werkzeug:[33mPress CTRL+C to quit[0m
INFO:root:Request: {'response': {'text': 'Здравствуйте! Это мы, хороводоведы.', 'tts': 'Здравствуйте! Это мы, хоров+одо в+еды.', 'buttons': [{'title': 'Надпись на кнопке', 'payload': {}, 'url': 'https://example.com/', 'hide': True}], 'end_session': False}, 'session': {'session_id': '2eac4854-fce721f3-b845abba-20d60', 'message_id': 4, 'user_id': 'AC9WC3DF6FCE052E45A4566A48E6B7193774B84814CE49A922E163B8B29881DC'}, 'version': '1.0'}
ERROR:server:Exception on /post [POST]
Traceback (most recent call last):
  File "e:\my_code\code\yandex\2\Alisa\venv\Lib\site-packages\flask\app.py", line 1511, in wsgi_app
    response = self.full_dispatch_request()
               ^^^^^^^^^^^^^^^^^^^^^^^^^^^^
  File "e:\my_code\code\yandex\2\Alisa\venv\Lib\site-packages\flask\app.py", line 919, in full_dispatch_request
    rv = self.handle_user_exception(e)
         ^^^^^^^^^^^^^^^^^^^^^^^^^^^^^
  File "e:\my_code\code\yandex\2\Alisa\venv\Lib\site-packages\flask\app.py", line 917, in full_dispatch_request
    rv = self.dispatch_request()
         ^^^^^^^^^^^^^^^^^^^^^^^
  File "e:\my_code\code\yandex\2\Alisa\venv\Lib\site-packages\flask\app.py", line 902, in dispatch_request
    return self.ensure_sync(self.view_functions[rule.endpoint])(**view_args)  # type: ignore[no-any-return]
           ^^^^^^^^^^^^^^^^^^^^^^^^^^^^^^^^^^^^^^^^^^^^^^^^^^^^^^^^^^^^^^^^^
  File "e:\my_code\code\yandex\2\Alisa\server.py", line 24, in main
    handle_dialog(request.json, response)
  File "e:\my_code\code\yandex\2\Alisa\server.py", line 34, in handle_dialog
    if req['session']['new']:
       ~~~~~~~~~~~~~~^^^^^^^
KeyError: 'new'
INFO:werkzeug:127.0.0.1 - - [20/Apr/2025 16:12:59] "[35m[1mPOST /post HTTP/1.1[0m" 500 -
INFO:root:Request: {'response': {'text': 'Здравствуйте! Это мы, хороводоведы.', 'tts': 'Здравствуйте! Это мы, хоров+одо в+еды.', 'buttons': [{'title': 'Надпись на кнопке', 'payload': {}, 'url': 'https://example.com/', 'hide': True}], 'end_session': False}, 'session': {'session_id': '2eac4854-fce721f3-b845abba-20d60', 'message_id': 4, 'user_id': 'AC9WC3DF6FCE052E45A4566A48E6B7193774B84814CE49A922E163B8B29881DC'}, 'version': '1.0'}
ERROR:server:Exception on /post [POST]
Traceback (most recent call last):
  File "e:\my_code\code\yandex\2\Alisa\venv\Lib\site-packages\flask\app.py", line 1511, in wsgi_app
    response = self.full_dispatch_request()
               ^^^^^^^^^^^^^^^^^^^^^^^^^^^^
  File "e:\my_code\code\yandex\2\Alisa\venv\Lib\site-packages\flask\app.py", line 919, in full_dispatch_request
    rv = self.handle_user_exception(e)
         ^^^^^^^^^^^^^^^^^^^^^^^^^^^^^
  File "e:\my_code\code\yandex\2\Alisa\venv\Lib\site-packages\flask\app.py", line 917, in full_dispatch_request
    rv = self.dispatch_request()
         ^^^^^^^^^^^^^^^^^^^^^^^
  File "e:\my_code\code\yandex\2\Alisa\venv\Lib\site-packages\flask\app.py", line 902, in dispatch_request
    return self.ensure_sync(self.view_functions[rule.endpoint])(**view_args)  # type: ignore[no-any-return]
           ^^^^^^^^^^^^^^^^^^^^^^^^^^^^^^^^^^^^^^^^^^^^^^^^^^^^^^^^^^^^^^^^^
  File "e:\my_code\code\yandex\2\Alisa\server.py", line 24, in main
    handle_dialog(request.json, response)
  File "e:\my_code\code\yandex\2\Alisa\server.py", line 34, in handle_dialog
    if req['session']['new']:
       ~~~~~~~~~~~~~~^^^^^^^
KeyError: 'new'
INFO:werkzeug:127.0.0.1 - - [20/Apr/2025 16:13:21] "[35m[1mPOST /post HTTP/1.1[0m" 500 -
INFO:werkzeug:[31m[1mWARNING: This is a development server. Do not use it in a production deployment. Use a production WSGI server instead.[0m
 * Running on http://127.0.0.1:5000
INFO:werkzeug:[33mPress CTRL+C to quit[0m
INFO:root:Request: {'response': {'text': 'Здравствуйте! Это мы, хороводоведы.', 'tts': 'Здравствуйте! Это мы, хоров+одо в+еды.', 'buttons': [{'title': 'Надпись на кнопке', 'payload': {}, 'url': 'https://example.com/', 'hide': True}], 'end_session': False}, 'session': {'session_id': '2eac4854-fce721f3-b845abba-20d60', 'message_id': 4, 'user_id': 'AC9WC3DF6FCE052E45A4566A48E6B7193774B84814CE49A922E163B8B29881DC'}, 'version': '1.0'}
INFO:werkzeug:[31m[1mWARNING: This is a development server. Do not use it in a production deployment. Use a production WSGI server instead.[0m
 * Running on http://127.0.0.1:5000
INFO:werkzeug:[33mPress CTRL+C to quit[0m
INFO:root:Request: {'response': {'text': 'Здравствуйте! Это мы, хороводоведы.', 'tts': 'Здравствуйте! Это мы, хоров+одо в+еды.', 'buttons': [{'title': 'Надпись на кнопке', 'payload': {}, 'url': 'https://example.com/', 'hide': True}], 'end_session': False}, 'session': {'session_id': '2eac4854-fce721f3-b845abba-20d60', 'message_id': 4, 'user_id': 'AC9WC3DF6FCE052E45A4566A48E6B7193774B84814CE49A922E163B8B29881DC', 'new': 1}, 'version': '1.0'}
INFO:root:Response: {'session': {'session_id': '2eac4854-fce721f3-b845abba-20d60', 'message_id': 4, 'user_id': 'AC9WC3DF6FCE052E45A4566A48E6B7193774B84814CE49A922E163B8B29881DC', 'new': 1}, 'version': '1.0', 'response': {'end_session': False, 'text': 'Привет! Купи слона!', 'buttons': [{'title': 'Не хочу.', 'hide': True}, {'title': 'Не буду', 'hide': True}]}}
INFO:werkzeug:127.0.0.1 - - [20/Apr/2025 16:15:10] "POST /post HTTP/1.1" 200 -
INFO:werkzeug:127.0.0.1 - - [20/Apr/2025 16:15:10] "[31m[1mPOST /post HTTP/1.1[0m" 400 -
